{"level":"info","message":"Server is running on http://localhost:3000","timestamp":"2024-09-04T11:39:02.335Z"}
{"level":"info","message":"Serving index.html for route: /favicon.ico","timestamp":"2024-09-04T11:39:21.518Z"}
{"level":"info","message":"Serving index.html for route: /favicon.ico","timestamp":"2024-09-04T11:39:22.731Z"}
{"level":"info","message":"Server is running on http://localhost:3000","timestamp":"2024-09-04T11:41:45.988Z"}
{"level":"info","message":"Incoming request: GET /","timestamp":"2024-09-04T11:42:04.927Z"}
{"level":"info","message":"Incoming request: GET /favicon.ico","timestamp":"2024-09-04T11:42:04.959Z"}
{"level":"info","message":"Serving index.html for route: /favicon.ico","timestamp":"2024-09-04T11:42:04.961Z"}
{"level":"info","message":"Incoming request: GET /","timestamp":"2024-09-04T11:42:37.497Z"}
{"level":"info","message":"Incoming request: GET /favicon.ico","timestamp":"2024-09-04T11:42:37.548Z"}
{"level":"info","message":"Serving index.html for route: /favicon.ico","timestamp":"2024-09-04T11:42:37.552Z"}
{"level":"info","message":"Incoming request: GET /","timestamp":"2024-09-04T11:42:50.083Z"}
{"level":"info","message":"Incoming request: GET /favicon.ico","timestamp":"2024-09-04T11:42:50.451Z"}
{"level":"info","message":"Serving index.html for route: /favicon.ico","timestamp":"2024-09-04T11:42:50.451Z"}
{"level":"info","message":"Server is running on http://localhost:3000","timestamp":"2024-09-04T11:44:51.907Z"}
{"level":"info","message":"Server is running on http://localhost:3000","timestamp":"2024-09-04T11:45:00.555Z"}
{"level":"info","message":"Incoming request: GET /","timestamp":"2024-09-04T11:45:17.377Z"}
{"level":"info","message":"Incoming request: GET /styles.css","timestamp":"2024-09-04T11:45:17.393Z"}
{"level":"info","message":"Incoming request: GET /script.js","timestamp":"2024-09-04T11:45:17.394Z"}
{"level":"info","message":"Incoming request: GET /favicon.ico","timestamp":"2024-09-04T11:45:17.422Z"}
{"level":"info","message":"Serving index.html for route: /favicon.ico","timestamp":"2024-09-04T11:45:17.425Z"}
{"level":"info","message":"Incoming request: POST /api/tarot","timestamp":"2024-09-04T11:45:20.831Z"}
{"level":"info","message":"Selected card: 女祭司","timestamp":"2024-09-04T11:45:20.831Z"}
{"level":"info","message":"Generated interpretation for 女祭司","timestamp":"2024-09-04T11:45:24.144Z"}
{"level":"info","message":"Incoming request: GET /images/high_priestess.jpg","timestamp":"2024-09-04T11:45:24.148Z"}
{"level":"info","message":"Serving index.html for route: /images/high_priestess.jpg","timestamp":"2024-09-04T11:45:24.148Z"}
{"level":"info","message":"Server is running on http://localhost:3000","timestamp":"2024-09-04T11:53:03.894Z"}
{"level":"info","message":"Incoming request: GET /","timestamp":"2024-09-04T11:53:25.051Z"}
{"level":"info","message":"Incoming request: GET /styles.css","timestamp":"2024-09-04T11:53:25.066Z"}
{"level":"info","message":"Incoming request: GET /script.js","timestamp":"2024-09-04T11:53:25.068Z"}
{"level":"info","message":"Incoming request: GET /favicon.ico","timestamp":"2024-09-04T11:53:25.103Z"}
{"level":"info","message":"Serving index.html for route: /favicon.ico","timestamp":"2024-09-04T11:53:25.104Z"}
{"level":"info","message":"Incoming request: POST /api/tarot","timestamp":"2024-09-04T11:53:32.246Z"}
{"level":"info","message":"Selected card: 愚者","timestamp":"2024-09-04T11:53:32.247Z"}
{"level":"info","message":"Generated interpretation for 愚者","timestamp":"2024-09-04T11:53:35.494Z"}
{"level":"info","message":"Incoming request: GET /images/fool.jpg","timestamp":"2024-09-04T11:53:35.501Z"}
{"level":"info","message":"Serving index.html for route: /images/fool.jpg","timestamp":"2024-09-04T11:53:35.501Z"}
{"level":"info","message":"Incoming request: POST /api/tarot","timestamp":"2024-09-04T11:53:43.418Z"}
{"level":"info","message":"Selected card: 愚者","timestamp":"2024-09-04T11:53:43.418Z"}
{"level":"info","message":"Generated interpretation for 愚者","timestamp":"2024-09-04T11:53:47.325Z"}
{"level":"info","message":"Incoming request: GET /images/fool.jpg","timestamp":"2024-09-04T11:53:47.328Z"}
{"level":"info","message":"Serving index.html for route: /images/fool.jpg","timestamp":"2024-09-04T11:53:47.328Z"}
{"level":"info","message":"Incoming request: POST /api/tarot","timestamp":"2024-09-04T11:53:50.505Z"}
{"level":"info","message":"Selected card: 愚者","timestamp":"2024-09-04T11:53:50.505Z"}
{"level":"info","message":"Generated interpretation for 愚者","timestamp":"2024-09-04T11:53:56.256Z"}
{"level":"info","message":"Incoming request: GET /images/fool.jpg","timestamp":"2024-09-04T11:53:56.258Z"}
{"level":"info","message":"Serving index.html for route: /images/fool.jpg","timestamp":"2024-09-04T11:53:56.259Z"}
{"level":"info","message":"Incoming request: POST /api/tarot","timestamp":"2024-09-04T11:54:04.722Z"}
{"level":"info","message":"Selected card: 魔术师","timestamp":"2024-09-04T11:54:04.722Z"}
{"level":"info","message":"Generated interpretation for 魔术师","timestamp":"2024-09-04T11:54:07.808Z"}
{"level":"info","message":"Incoming request: GET /images/magician.jpg","timestamp":"2024-09-04T11:54:07.810Z"}
{"level":"info","message":"Serving index.html for route: /images/magician.jpg","timestamp":"2024-09-04T11:54:07.811Z"}
{"level":"info","message":"Incoming request: POST /api/tarot","timestamp":"2024-09-04T11:54:13.007Z"}
{"level":"info","message":"Selected card: 魔术师","timestamp":"2024-09-04T11:54:13.007Z"}
{"level":"info","message":"Generated interpretation for 魔术师","timestamp":"2024-09-04T11:54:15.890Z"}
{"level":"info","message":"Incoming request: GET /images/magician.jpg","timestamp":"2024-09-04T11:54:15.892Z"}
{"level":"info","message":"Serving index.html for route: /images/magician.jpg","timestamp":"2024-09-04T11:54:15.893Z"}
{"level":"info","message":"Incoming request: POST /api/tarot","timestamp":"2024-09-04T11:56:16.471Z"}
{"level":"info","message":"Selected card: 愚者","timestamp":"2024-09-04T11:56:16.471Z"}
{"level":"info","message":"Incoming request: POST /api/tarot","timestamp":"2024-09-04T11:56:17.224Z"}
{"level":"info","message":"Selected card: 愚者","timestamp":"2024-09-04T11:56:17.224Z"}
{"level":"info","message":"Generated interpretation for 愚者","timestamp":"2024-09-04T11:56:18.951Z"}
{"level":"info","message":"Incoming request: GET /images/fool.jpg","timestamp":"2024-09-04T11:56:18.953Z"}
{"level":"info","message":"Serving index.html for route: /images/fool.jpg","timestamp":"2024-09-04T11:56:18.954Z"}
{"level":"info","message":"Generated interpretation for 愚者","timestamp":"2024-09-04T11:56:20.050Z"}
{"level":"info","message":"Incoming request: GET /images/fool.jpg","timestamp":"2024-09-04T11:56:20.052Z"}
{"level":"info","message":"Serving index.html for route: /images/fool.jpg","timestamp":"2024-09-04T11:56:20.052Z"}
{"level":"info","message":"Incoming request: POST /api/tarot","timestamp":"2024-09-04T11:56:23.468Z"}
{"level":"info","message":"Selected card: 愚者","timestamp":"2024-09-04T11:56:23.468Z"}
{"level":"info","message":"Incoming request: POST /api/tarot","timestamp":"2024-09-04T11:56:26.225Z"}
{"level":"info","message":"Selected card: 魔术师","timestamp":"2024-09-04T11:56:26.225Z"}
{"level":"info","message":"Generated interpretation for 愚者","timestamp":"2024-09-04T11:56:26.344Z"}
{"level":"info","message":"Incoming request: GET /images/fool.jpg","timestamp":"2024-09-04T11:56:26.346Z"}
{"level":"info","message":"Serving index.html for route: /images/fool.jpg","timestamp":"2024-09-04T11:56:26.346Z"}
{"level":"info","message":"Incoming request: POST /api/tarot","timestamp":"2024-09-04T11:56:27.777Z"}
{"level":"info","message":"Selected card: 魔术师","timestamp":"2024-09-04T11:56:27.777Z"}
{"level":"info","message":"Generated interpretation for 魔术师","timestamp":"2024-09-04T11:56:28.707Z"}
{"level":"info","message":"Incoming request: GET /images/magician.jpg","timestamp":"2024-09-04T11:56:28.709Z"}
{"level":"info","message":"Serving index.html for route: /images/magician.jpg","timestamp":"2024-09-04T11:56:28.709Z"}
{"level":"info","message":"Incoming request: POST /api/tarot","timestamp":"2024-09-04T11:56:30.387Z"}
{"level":"info","message":"Selected card: 魔术师","timestamp":"2024-09-04T11:56:30.388Z"}
{"level":"info","message":"Generated interpretation for 魔术师","timestamp":"2024-09-04T11:56:31.164Z"}
{"level":"info","message":"Incoming request: GET /images/magician.jpg","timestamp":"2024-09-04T11:56:31.166Z"}
{"level":"info","message":"Serving index.html for route: /images/magician.jpg","timestamp":"2024-09-04T11:56:31.166Z"}
{"level":"info","message":"Incoming request: POST /api/tarot","timestamp":"2024-09-04T11:56:32.210Z"}
{"level":"info","message":"Selected card: 女祭司","timestamp":"2024-09-04T11:56:32.210Z"}
{"level":"info","message":"Generated interpretation for 魔术师","timestamp":"2024-09-04T11:56:34.618Z"}
{"level":"info","message":"Incoming request: GET /images/magician.jpg","timestamp":"2024-09-04T11:56:34.620Z"}
{"level":"info","message":"Serving index.html for route: /images/magician.jpg","timestamp":"2024-09-04T11:56:34.620Z"}
{"level":"info","message":"Generated interpretation for 女祭司","timestamp":"2024-09-04T11:56:35.158Z"}
{"level":"info","message":"Incoming request: GET /images/high_priestess.jpg","timestamp":"2024-09-04T11:56:35.160Z"}
{"level":"info","message":"Serving index.html for route: /images/high_priestess.jpg","timestamp":"2024-09-04T11:56:35.160Z"}
{"level":"info","message":"Incoming request: POST /api/tarot","timestamp":"2024-09-04T11:56:36.496Z"}
{"level":"info","message":"Selected card: 女祭司","timestamp":"2024-09-04T11:56:36.496Z"}
{"level":"info","message":"Generated interpretation for 女祭司","timestamp":"2024-09-04T11:56:39.254Z"}
{"level":"info","message":"Incoming request: POST /api/tarot","timestamp":"2024-09-04T11:56:39.254Z"}
{"level":"info","message":"Selected card: 魔术师","timestamp":"2024-09-04T11:56:39.254Z"}
{"level":"info","message":"Incoming request: GET /images/high_priestess.jpg","timestamp":"2024-09-04T11:56:39.255Z"}
{"level":"info","message":"Serving index.html for route: /images/high_priestess.jpg","timestamp":"2024-09-04T11:56:39.256Z"}
{"level":"info","message":"Incoming request: POST /api/tarot","timestamp":"2024-09-04T11:56:40.276Z"}
{"level":"info","message":"Selected card: 魔术师","timestamp":"2024-09-04T11:56:40.277Z"}
{"level":"info","message":"Incoming request: POST /api/tarot","timestamp":"2024-09-04T11:56:41.470Z"}
{"level":"info","message":"Selected card: 魔术师","timestamp":"2024-09-04T11:56:41.470Z"}
{"level":"info","message":"Generated interpretation for 魔术师","timestamp":"2024-09-04T11:56:42.828Z"}
{"level":"info","message":"Incoming request: GET /images/magician.jpg","timestamp":"2024-09-04T11:56:42.830Z"}
{"level":"info","message":"Serving index.html for route: /images/magician.jpg","timestamp":"2024-09-04T11:56:42.830Z"}
{"level":"info","message":"Generated interpretation for 魔术师","timestamp":"2024-09-04T11:56:43.349Z"}
{"level":"info","message":"Incoming request: GET /images/magician.jpg","timestamp":"2024-09-04T11:56:43.351Z"}
{"level":"info","message":"Serving index.html for route: /images/magician.jpg","timestamp":"2024-09-04T11:56:43.351Z"}
{"level":"info","message":"Generated interpretation for 魔术师","timestamp":"2024-09-04T11:56:44.270Z"}
{"level":"info","message":"Incoming request: GET /images/magician.jpg","timestamp":"2024-09-04T11:56:44.272Z"}
{"level":"info","message":"Serving index.html for route: /images/magician.jpg","timestamp":"2024-09-04T11:56:44.273Z"}
{"level":"info","message":"Incoming request: GET /","timestamp":"2024-09-04T12:00:15.054Z"}
{"level":"info","message":"Incoming request: GET /styles.css","timestamp":"2024-09-04T12:00:15.065Z"}
{"level":"info","message":"Incoming request: GET /script.js","timestamp":"2024-09-04T12:00:15.065Z"}
{"level":"info","message":"Incoming request: GET /favicon.ico","timestamp":"2024-09-04T12:00:15.077Z"}
{"level":"info","message":"Serving index.html for route: /favicon.ico","timestamp":"2024-09-04T12:00:15.078Z"}
{"level":"info","message":"Incoming request: POST /api/tarot","timestamp":"2024-09-04T12:00:18.865Z"}
{"level":"info","message":"Selected card: 魔术师","timestamp":"2024-09-04T12:00:18.865Z"}
{"level":"info","message":"Generated interpretation for 魔术师","timestamp":"2024-09-04T12:00:22.477Z"}
{"level":"info","message":"Incoming request: GET /images/magician.jpg","timestamp":"2024-09-04T12:00:22.480Z"}
{"level":"info","message":"Serving index.html for route: /images/magician.jpg","timestamp":"2024-09-04T12:00:22.480Z"}
{"level":"info","message":"Incoming request: GET /","timestamp":"2024-09-04T12:34:41.477Z"}
{"level":"info","message":"Incoming request: GET /styles.css","timestamp":"2024-09-04T12:34:41.489Z"}
{"level":"info","message":"Incoming request: GET /script.js","timestamp":"2024-09-04T12:34:41.490Z"}
{"level":"info","message":"Incoming request: GET /favicon.ico","timestamp":"2024-09-04T12:34:41.507Z"}
{"level":"info","message":"Serving index.html for route: /favicon.ico","timestamp":"2024-09-04T12:34:41.513Z"}
{"level":"info","message":"Incoming request: POST /api/tarot","timestamp":"2024-09-04T12:34:47.944Z"}
{"level":"info","message":"Selected card: 愚者","timestamp":"2024-09-04T12:34:47.944Z"}
{"level":"info","message":"Generated interpretation for 愚者","timestamp":"2024-09-04T12:34:50.917Z"}
{"level":"info","message":"Incoming request: GET /images/fool.jpg","timestamp":"2024-09-04T12:34:50.921Z"}
{"level":"info","message":"Serving index.html for route: /images/fool.jpg","timestamp":"2024-09-04T12:34:50.921Z"}
{"level":"info","message":"Incoming request: GET /","timestamp":"2024-09-04T12:36:29.719Z"}
{"level":"info","message":"Incoming request: GET /styles.css","timestamp":"2024-09-04T12:36:29.728Z"}
{"level":"info","message":"Incoming request: GET /script.js","timestamp":"2024-09-04T12:36:29.729Z"}
{"level":"info","message":"Incoming request: GET /favicon.ico","timestamp":"2024-09-04T12:36:29.734Z"}
{"level":"info","message":"Serving index.html for route: /favicon.ico","timestamp":"2024-09-04T12:36:29.735Z"}
{"level":"info","message":"Incoming request: POST /api/tarot","timestamp":"2024-09-04T12:36:30.911Z"}
{"level":"info","message":"Selected card: 女祭司","timestamp":"2024-09-04T12:36:30.911Z"}
{"level":"info","message":"Generated interpretation for 女祭司","timestamp":"2024-09-04T12:36:34.239Z"}
{"level":"info","message":"Incoming request: GET /images/high_priestess.jpg","timestamp":"2024-09-04T12:36:34.242Z"}
{"level":"info","message":"Serving index.html for route: /images/high_priestess.jpg","timestamp":"2024-09-04T12:36:34.243Z"}
{"level":"info","message":"Server is running on http://localhost:3000","timestamp":"2024-09-04T12:36:44.676Z"}
{"level":"info","message":"Incoming request: GET /","timestamp":"2024-09-04T12:36:46.632Z"}
{"level":"info","message":"Incoming request: GET /styles.css","timestamp":"2024-09-04T12:36:46.643Z"}
{"level":"info","message":"Incoming request: GET /script.js","timestamp":"2024-09-04T12:36:46.644Z"}
{"level":"info","message":"Incoming request: GET /favicon.ico","timestamp":"2024-09-04T12:36:46.652Z"}
{"level":"info","message":"Serving index.html for route: /favicon.ico","timestamp":"2024-09-04T12:36:46.660Z"}
{"level":"info","message":"Incoming request: GET /","timestamp":"2024-09-04T12:36:47.327Z"}
{"level":"info","message":"Incoming request: GET /styles.css","timestamp":"2024-09-04T12:36:47.335Z"}
{"level":"info","message":"Incoming request: GET /script.js","timestamp":"2024-09-04T12:36:47.335Z"}
{"level":"info","message":"Incoming request: GET /favicon.ico","timestamp":"2024-09-04T12:36:47.345Z"}
{"level":"info","message":"Serving index.html for route: /favicon.ico","timestamp":"2024-09-04T12:36:47.347Z"}
{"level":"info","message":"Incoming request: GET /","timestamp":"2024-09-04T12:36:47.495Z"}
{"level":"info","message":"Incoming request: GET /styles.css","timestamp":"2024-09-04T12:36:47.503Z"}
{"level":"info","message":"Incoming request: GET /script.js","timestamp":"2024-09-04T12:36:47.503Z"}
{"level":"info","message":"Incoming request: GET /favicon.ico","timestamp":"2024-09-04T12:36:47.513Z"}
{"level":"info","message":"Serving index.html for route: /favicon.ico","timestamp":"2024-09-04T12:36:47.516Z"}
{"level":"info","message":"Incoming request: GET /","timestamp":"2024-09-04T12:36:47.630Z"}
{"level":"info","message":"Incoming request: GET /styles.css","timestamp":"2024-09-04T12:36:47.637Z"}
{"level":"info","message":"Incoming request: GET /script.js","timestamp":"2024-09-04T12:36:47.638Z"}
{"level":"info","message":"Incoming request: GET /favicon.ico","timestamp":"2024-09-04T12:36:47.647Z"}
{"level":"info","message":"Serving index.html for route: /favicon.ico","timestamp":"2024-09-04T12:36:47.649Z"}
{"level":"info","message":"Incoming request: GET /","timestamp":"2024-09-04T12:36:47.765Z"}
{"level":"info","message":"Incoming request: GET /styles.css","timestamp":"2024-09-04T12:36:47.772Z"}
{"level":"info","message":"Incoming request: GET /script.js","timestamp":"2024-09-04T12:36:47.773Z"}
{"level":"info","message":"Incoming request: GET /favicon.ico","timestamp":"2024-09-04T12:36:47.780Z"}
{"level":"info","message":"Serving index.html for route: /favicon.ico","timestamp":"2024-09-04T12:36:47.784Z"}
{"level":"info","message":"Incoming request: GET /","timestamp":"2024-09-04T12:36:49.679Z"}
{"level":"info","message":"Incoming request: GET /styles.css","timestamp":"2024-09-04T12:36:49.690Z"}
{"level":"info","message":"Incoming request: GET /script.js","timestamp":"2024-09-04T12:36:49.692Z"}
{"level":"info","message":"Incoming request: GET /favicon.ico","timestamp":"2024-09-04T12:36:49.725Z"}
{"level":"info","message":"Serving index.html for route: /favicon.ico","timestamp":"2024-09-04T12:36:49.726Z"}
{"level":"info","message":"Incoming request: POST /api/tarot","timestamp":"2024-09-04T12:36:51.815Z"}
{"level":"info","message":"Selected card: 魔术师","timestamp":"2024-09-04T12:36:51.815Z"}
{"level":"info","message":"Generated interpretation for 魔术师","timestamp":"2024-09-04T12:36:54.428Z"}
{"level":"info","message":"Incoming request: GET /images/magician.jpg","timestamp":"2024-09-04T12:36:54.434Z"}
{"level":"info","message":"Serving index.html for route: /images/magician.jpg","timestamp":"2024-09-04T12:36:54.435Z"}
{"level":"info","message":"Incoming request: GET /styles.css","timestamp":"2024-09-04T12:36:59.225Z"}
{"level":"info","message":"Server is running on http://localhost:3000","timestamp":"2024-09-04T12:38:46.556Z"}
{"level":"info","message":"Incoming request: GET /","timestamp":"2024-09-04T12:38:53.107Z"}
{"level":"info","message":"Incoming request: GET /styles.css","timestamp":"2024-09-04T12:38:53.124Z"}
{"level":"info","message":"Incoming request: GET /script.js","timestamp":"2024-09-04T12:38:53.127Z"}
{"level":"info","message":"Incoming request: GET /favicon.ico","timestamp":"2024-09-04T12:38:53.139Z"}
{"level":"info","message":"Serving index.html for route: /favicon.ico","timestamp":"2024-09-04T12:38:53.172Z"}
{"level":"info","message":"Incoming request: POST /api/tarot","timestamp":"2024-09-04T12:38:54.180Z"}
{"level":"info","message":"Selected card: 女祭司","timestamp":"2024-09-04T12:38:54.180Z"}
{"level":"info","message":"Generated interpretation for 女祭司","timestamp":"2024-09-04T12:38:57.952Z"}
{"level":"info","message":"Incoming request: GET /images/high_priestess.jpg","timestamp":"2024-09-04T12:38:57.957Z"}
{"level":"info","message":"Incoming request: POST /api/tarot","timestamp":"2024-09-04T12:39:01.784Z"}
{"level":"info","message":"Selected card: 魔术师","timestamp":"2024-09-04T12:39:01.784Z"}
{"level":"info","message":"Generated interpretation for 魔术师","timestamp":"2024-09-04T12:39:04.803Z"}
{"level":"info","message":"Incoming request: GET /images/magician.jpg","timestamp":"2024-09-04T12:39:04.807Z"}
{"level":"info","message":"Incoming request: POST /api/tarot","timestamp":"2024-09-04T12:39:06.745Z"}
{"level":"info","message":"Selected card: 魔术师","timestamp":"2024-09-04T12:39:06.745Z"}
{"level":"info","message":"Generated interpretation for 魔术师","timestamp":"2024-09-04T12:39:10.349Z"}
{"level":"info","message":"Incoming request: GET /images/magician.jpg","timestamp":"2024-09-04T12:39:10.352Z"}
{"level":"info","message":"Incoming request: POST /api/tarot","timestamp":"2024-09-04T12:39:12.033Z"}
{"level":"info","message":"Selected card: 魔术师","timestamp":"2024-09-04T12:39:12.033Z"}
{"level":"info","message":"Generated interpretation for 魔术师","timestamp":"2024-09-04T12:39:14.955Z"}
{"level":"info","message":"Incoming request: GET /images/magician.jpg","timestamp":"2024-09-04T12:39:14.957Z"}
{"level":"info","message":"Incoming request: POST /api/tarot","timestamp":"2024-09-04T12:39:16.297Z"}
{"level":"info","message":"Selected card: 魔术师","timestamp":"2024-09-04T12:39:16.297Z"}
{"level":"info","message":"Generated interpretation for 魔术师","timestamp":"2024-09-04T12:39:19.189Z"}
{"level":"info","message":"Incoming request: GET /images/magician.jpg","timestamp":"2024-09-04T12:39:19.191Z"}
{"level":"info","message":"Incoming request: POST /api/tarot","timestamp":"2024-09-04T12:39:20.246Z"}
{"level":"info","message":"Selected card: 愚者","timestamp":"2024-09-04T12:39:20.246Z"}
{"level":"info","message":"Generated interpretation for 愚者","timestamp":"2024-09-04T12:39:23.815Z"}
{"level":"info","message":"Incoming request: GET /images/fool.jpg","timestamp":"2024-09-04T12:39:23.817Z"}
{"level":"info","message":"Server is running on http://localhost:3000","timestamp":"2024-09-08T11:04:57.951Z"}
{"level":"info","message":"Incoming request: GET /","timestamp":"2024-09-08T11:05:04.609Z"}
{"level":"info","message":"Incoming request: GET /styles.css","timestamp":"2024-09-08T11:05:04.630Z"}
{"level":"info","message":"Incoming request: GET /script.js","timestamp":"2024-09-08T11:05:04.634Z"}
{"level":"info","message":"Incoming request: GET /favicon.ico","timestamp":"2024-09-08T11:05:04.676Z"}
{"level":"info","message":"Serving index.html for route: /favicon.ico","timestamp":"2024-09-08T11:05:04.679Z"}
{"level":"info","message":"Incoming request: POST /api/tarot","timestamp":"2024-09-08T11:05:09.779Z"}
{"level":"info","message":"Selected card: 愚者","timestamp":"2024-09-08T11:05:09.780Z"}
{"level":"info","message":"Generated interpretation for 愚者","timestamp":"2024-09-08T11:05:12.134Z"}
{"level":"info","message":"Incoming request: GET /images/fool.jpg","timestamp":"2024-09-08T11:05:12.141Z"}
{"level":"info","message":"Incoming request: POST /api/tarot","timestamp":"2024-09-08T11:05:19.668Z"}
{"level":"info","message":"Selected card: 魔术师","timestamp":"2024-09-08T11:05:19.669Z"}
{"level":"info","message":"Generated interpretation for 魔术师","timestamp":"2024-09-08T11:05:22.103Z"}
{"level":"info","message":"Incoming request: GET /images/magician.jpg","timestamp":"2024-09-08T11:05:22.106Z"}
{"level":"info","message":"Server is running on http://localhost:3000","timestamp":"2024-09-08T11:24:38.104Z"}
{"level":"info","message":"Incoming request: GET /","timestamp":"2024-09-08T11:24:43.981Z"}
{"level":"info","message":"Incoming request: GET /styles.css","timestamp":"2024-09-08T11:24:43.996Z"}
{"level":"info","message":"Incoming request: GET /script.js","timestamp":"2024-09-08T11:24:43.998Z"}
{"level":"info","message":"Incoming request: GET /favicon.ico","timestamp":"2024-09-08T11:24:44.008Z"}
{"level":"info","message":"Serving index.html for route: /favicon.ico","timestamp":"2024-09-08T11:24:44.011Z"}
{"level":"info","message":"Incoming request: POST /api/tarot","timestamp":"2024-09-08T11:24:48.254Z"}
{"level":"info","message":"Selected card: 魔术师","timestamp":"2024-09-08T11:24:48.254Z"}
{"level":"info","message":"Generated interpretation for 魔术师","timestamp":"2024-09-08T11:24:50.002Z"}
{"level":"info","message":"Incoming request: GET /images/magician.jpg","timestamp":"2024-09-08T11:24:50.006Z"}
{"level":"info","message":"Incoming request: POST /api/tarot/details","timestamp":"2024-09-08T11:24:57.931Z"}
{"level":"info","message":"Incoming request: POST /api/tarot/details","timestamp":"2024-09-08T11:25:01.396Z"}
{"level":"info","message":"Incoming request: POST /api/tarot/details","timestamp":"2024-09-08T11:25:02.138Z"}
{"level":"info","message":"Incoming request: POST /api/tarot/details","timestamp":"2024-09-08T11:25:02.488Z"}
{"level":"info","message":"Incoming request: POST /api/tarot/details","timestamp":"2024-09-08T11:25:03.793Z"}
{"level":"info","message":"Incoming request: POST /api/tarot/details","timestamp":"2024-09-08T11:25:17.666Z"}
{"level":"info","message":"Incoming request: POST /api/tarot/details","timestamp":"2024-09-08T11:25:18.701Z"}
{"level":"info","message":"Incoming request: POST /api/tarot/details","timestamp":"2024-09-08T11:25:18.925Z"}
{"level":"info","message":"Incoming request: POST /api/tarot/details","timestamp":"2024-09-08T11:25:35.150Z"}
{"level":"info","message":"Incoming request: POST /api/tarot/details","timestamp":"2024-09-08T11:25:35.644Z"}
{"level":"info","message":"Incoming request: POST /api/tarot/details","timestamp":"2024-09-08T11:25:36.612Z"}
{"level":"info","message":"Server is running on http://localhost:3000","timestamp":"2024-09-08T11:28:43.775Z"}
{"level":"info","message":"Incoming request: GET /","timestamp":"2024-09-08T11:28:46.114Z"}
{"level":"info","message":"Incoming request: GET /styles.css","timestamp":"2024-09-08T11:28:46.128Z"}
{"level":"info","message":"Incoming request: GET /script.js","timestamp":"2024-09-08T11:28:46.130Z"}
{"level":"info","message":"Incoming request: GET /favicon.ico","timestamp":"2024-09-08T11:28:46.136Z"}
{"level":"info","message":"Incoming request: POST /api/tarot","timestamp":"2024-09-08T11:28:55.943Z"}
{"level":"info","message":"Selected card: 魔术师","timestamp":"2024-09-08T11:28:55.943Z"}
{"level":"info","message":"Generated interpretation for 魔术师","timestamp":"2024-09-08T11:28:58.330Z"}
{"level":"info","message":"Incoming request: GET /images/magician.jpg","timestamp":"2024-09-08T11:28:58.349Z"}
{"level":"info","message":"Incoming request: POST /api/tarot/details","timestamp":"2024-09-08T11:29:00.657Z"}
{"level":"info","message":"Incoming request: POST /api/tarot/details","timestamp":"2024-09-08T11:29:02.041Z"}
{"level":"info","message":"Incoming request: POST /api/tarot/details","timestamp":"2024-09-08T11:29:03.750Z"}
{"level":"info","message":"Incoming request: POST /api/tarot/details","timestamp":"2024-09-08T11:29:03.987Z"}
{"level":"info","message":"Incoming request: POST /api/tarot/details","timestamp":"2024-09-08T11:29:04.122Z"}
{"level":"info","message":"Generated detailed interpretation for 魔术师","timestamp":"2024-09-08T11:29:06.821Z"}
{"level":"info","message":"Generated detailed interpretation for 魔术师","timestamp":"2024-09-08T11:29:07.641Z"}
{"level":"info","message":"Generated detailed interpretation for 魔术师","timestamp":"2024-09-08T11:29:07.893Z"}
{"level":"info","message":"Generated detailed interpretation for 魔术师","timestamp":"2024-09-08T11:29:08.460Z"}
{"level":"info","message":"Generated detailed interpretation for 魔术师","timestamp":"2024-09-08T11:29:09.893Z"}
{"level":"info","message":"Incoming request: POST /api/tarot","timestamp":"2024-09-08T11:29:38.955Z"}
{"level":"info","message":"Selected card: 女祭司","timestamp":"2024-09-08T11:29:38.955Z"}
{"level":"info","message":"Generated interpretation for 女祭司","timestamp":"2024-09-08T11:29:40.753Z"}
{"level":"info","message":"Incoming request: GET /images/high_priestess.jpg","timestamp":"2024-09-08T11:29:40.756Z"}
{"level":"info","message":"Incoming request: POST /api/tarot/details","timestamp":"2024-09-08T11:29:42.892Z"}
{"level":"info","message":"Generated detailed interpretation for 女祭司","timestamp":"2024-09-08T11:29:47.913Z"}
{"level":"info","message":"Incoming request: GET /styles.css","timestamp":"2024-09-08T11:30:39.857Z"}
{"level":"info","message":"Incoming request: POST /api/tarot/details","timestamp":"2024-09-08T11:30:43.838Z"}
{"level":"info","message":"Generated detailed interpretation for 女祭司","timestamp":"2024-09-08T11:30:49.634Z"}
{"level":"info","message":"Incoming request: POST /api/tarot","timestamp":"2024-09-08T11:33:25.388Z"}
{"level":"info","message":"Selected card: 魔术师","timestamp":"2024-09-08T11:33:25.389Z"}
{"level":"info","message":"Generated interpretation for 魔术师","timestamp":"2024-09-08T11:33:27.124Z"}
{"level":"info","message":"Incoming request: GET /images/magician.jpg","timestamp":"2024-09-08T11:33:27.127Z"}
{"level":"info","message":"Incoming request: POST /api/tarot/details","timestamp":"2024-09-08T11:33:27.761Z"}
{"level":"info","message":"Generated detailed interpretation for 魔术师","timestamp":"2024-09-08T11:33:32.244Z"}
{"level":"info","message":"Incoming request: POST /api/tarot/details","timestamp":"2024-09-08T11:35:20.089Z"}
{"level":"info","message":"Incoming request: POST /api/tarot/details","timestamp":"2024-09-08T11:35:21.214Z"}
{"level":"info","message":"Incoming request: POST /api/tarot/details","timestamp":"2024-09-08T11:35:22.486Z"}
{"level":"info","message":"Incoming request: POST /api/tarot/details","timestamp":"2024-09-08T11:35:24.094Z"}
{"level":"info","message":"Generated detailed interpretation for 魔术师","timestamp":"2024-09-08T11:35:24.680Z"}
{"level":"info","message":"Generated detailed interpretation for 魔术师","timestamp":"2024-09-08T11:35:25.990Z"}
{"level":"info","message":"Generated detailed interpretation for 魔术师","timestamp":"2024-09-08T11:35:26.058Z"}
{"level":"info","message":"Generated detailed interpretation for 魔术师","timestamp":"2024-09-08T11:35:28.063Z"}
{"level":"info","message":"Incoming request: POST /api/tarot/details","timestamp":"2024-09-08T11:39:40.725Z"}
{"level":"info","message":"Generated detailed interpretation for 魔术师","timestamp":"2024-09-08T11:39:45.448Z"}
{"level":"info","message":"Server is running on http://localhost:3000","timestamp":"2024-09-08T11:43:30.924Z"}
{"level":"info","message":"Incoming request: GET /","timestamp":"2024-09-08T11:43:35.533Z"}
{"level":"info","message":"Incoming request: GET /","timestamp":"2024-09-08T11:43:38.320Z"}
{"level":"info","message":"Server is running on http://localhost:3000","timestamp":"2024-09-08T11:44:27.013Z"}
{"level":"info","message":"Incoming request: GET /","timestamp":"2024-09-08T11:44:28.187Z"}
{"level":"info","message":"Incoming request: GET /styles.css","timestamp":"2024-09-08T11:44:28.200Z"}
{"level":"info","message":"Incoming request: GET /script.js","timestamp":"2024-09-08T11:44:28.201Z"}
{"level":"info","message":"Incoming request: GET /","timestamp":"2024-09-08T11:44:28.487Z"}
{"level":"info","message":"Incoming request: GET /styles.css","timestamp":"2024-09-08T11:44:28.496Z"}
{"level":"info","message":"Incoming request: GET /script.js","timestamp":"2024-09-08T11:44:28.497Z"}
{"level":"info","message":"Incoming request: POST /api/tarot","timestamp":"2024-09-08T11:44:38.821Z"}
{"level":"info","message":"Selected card: 女祭司","timestamp":"2024-09-08T11:44:38.821Z"}
{"level":"info","message":"Generated interpretation for 女祭司","timestamp":"2024-09-08T11:44:41.056Z"}
{"level":"info","message":"Incoming request: GET /images/high_priestess.jpg","timestamp":"2024-09-08T11:44:41.060Z"}
{"level":"info","message":"Incoming request: POST /api/tarot/details","timestamp":"2024-09-08T11:44:43.237Z"}
{"level":"info","message":"Generated detailed interpretation for 女祭司","timestamp":"2024-09-08T11:44:47.988Z"}
{"level":"info","message":"Incoming request: POST /api/tarot","timestamp":"2024-09-08T11:45:23.774Z"}
{"level":"info","message":"Selected card: 愚者","timestamp":"2024-09-08T11:45:23.774Z"}
{"level":"info","message":"Generated interpretation for 愚者","timestamp":"2024-09-08T11:45:25.774Z"}
{"level":"info","message":"Incoming request: GET /images/fool.jpg","timestamp":"2024-09-08T11:45:25.776Z"}
{"level":"info","message":"Incoming request: POST /api/tarot/details","timestamp":"2024-09-08T11:45:27.598Z"}
{"level":"info","message":"Generated detailed interpretation for 愚者","timestamp":"2024-09-08T11:45:31.917Z"}
